Experiment started at 2025-09-17 13:06:58.820287
Loading MUTAG into NetworkX from Datasets/TUD/MUTAG...
GED matrix computed.
Finished loading at 2025-09-17 13:07:11.065352
Running non-GED classifiers on MUTAG dataset.

--------------------------------------------------------------------
Running extensive test for model:
 SVC_WeisfeilerLehman_5_precomputed
Estimated test duration: 0 days 00:00:05.953756
Parameter grid: {'C': [0.1, 0.5, 0.25, 0.75], 'kernel_type': ['precomputed'], 'class_weight': [None, 'balanced'], 'n_iter': [1, 4, 5, 7]}
Traceback (most recent call last):
  File "/home/sischuma/Thesis-Code/The-GED-classifier-bakeoff/Run_big_test.py", line 121, in <module>
    testDF = run_classifiers(classifiers_without_calculator, DATASET, ged_calculator, testDF)
             ^^^^^^^^^^^^^^^^^^^^^^^^^^^^^^^^^^^^^^^^^^^^^^^^^^^^^^^^^^^^^^^^^^^^^^^^^^^^^^^^
  File "/home/sischuma/Thesis-Code/The-GED-classifier-bakeoff/Run_big_test.py", line 73, in run_classifiers
    instance_dict =expi.run_extensive_test(should_print=True, cv=5,test_DF= dict(), n_jobs=N_JOBS)
                   ^^^^^^^^^^^^^^^^^^^^^^^^^^^^^^^^^^^^^^^^^^^^^^^^^^^^^^^^^^^^^^^^^^^^^^^^^^^^^^^
  File "/home/sischuma/Thesis-Code/The-GED-classifier-bakeoff/Experiment.py", line 543, in run_extensive_test
    best_model, best_params, best_score, tuning_duration = self.silent_hyperparameter_tuning(X_train, y_train, scoring=scoring, cv=cv, verbose=verbose, n_jobs=n_jobs, param_grid=param_grid)
                                                           ^^^^^^^^^^^^^^^^^^^^^^^^^^^^^^^^^^^^^^^^^^^^^^^^^^^^^^^^^^^^^^^^^^^^^^^^^^^^^^^^^^^^^^^^^^^^^^^^^^^^^^^^^^^^^^^^^^^^^^^^^^^^^^^^^^
  File "/home/sischuma/Thesis-Code/The-GED-classifier-bakeoff/Experiment.py", line 407, in silent_hyperparameter_tuning
    hyperparameter_tuner.fit(X_train, y_train)
  File "/home/sischuma/Thesis-Code/The-GED-classifier-bakeoff/venv/lib/python3.12/site-packages/sklearn/base.py", line 1365, in wrapper
    return fit_method(estimator, *args, **kwargs)
           ^^^^^^^^^^^^^^^^^^^^^^^^^^^^^^^^^^^^^^
  File "/home/sischuma/Thesis-Code/The-GED-classifier-bakeoff/venv/lib/python3.12/site-packages/sklearn/model_selection/_search.py", line 1051, in fit
    self._run_search(evaluate_candidates)
  File "/home/sischuma/Thesis-Code/The-GED-classifier-bakeoff/venv/lib/python3.12/site-packages/sklearn/model_selection/_search.py", line 1605, in _run_search
    evaluate_candidates(ParameterGrid(self.param_grid))
  File "/home/sischuma/Thesis-Code/The-GED-classifier-bakeoff/venv/lib/python3.12/site-packages/sklearn/model_selection/_search.py", line 997, in evaluate_candidates
    out = parallel(
          ^^^^^^^^^
  File "/home/sischuma/Thesis-Code/The-GED-classifier-bakeoff/venv/lib/python3.12/site-packages/sklearn/utils/parallel.py", line 82, in __call__
    return super().__call__(iterable_with_config_and_warning_filters)
           ^^^^^^^^^^^^^^^^^^^^^^^^^^^^^^^^^^^^^^^^^^^^^^^^^^^^^^^^^^
  File "/home/sischuma/Thesis-Code/The-GED-classifier-bakeoff/venv/lib/python3.12/site-packages/joblib/parallel.py", line 2072, in __call__
    return output if self.return_generator else list(output)
                                                ^^^^^^^^^^^^
  File "/home/sischuma/Thesis-Code/The-GED-classifier-bakeoff/venv/lib/python3.12/site-packages/joblib/parallel.py", line 1682, in _get_outputs
    yield from self._retrieve()
  File "/home/sischuma/Thesis-Code/The-GED-classifier-bakeoff/venv/lib/python3.12/site-packages/joblib/parallel.py", line 1800, in _retrieve
    time.sleep(0.01)
KeyboardInterrupt
Experiment started at 2025-09-17 13:12:31.711742
Loading MUTAG into NetworkX from Datasets/TUD/MUTAG...
GED matrix computed.
Finished loading at 2025-09-17 13:12:43.928774
Running non-GED classifiers on MUTAG dataset.

--------------------------------------------------------------------
Running extensive test for model:
 SVC_WeisfeilerLehman_5_precomputed
Estimated test duration: 0 days 00:00:06.141834
Parameter grid: {'C': [0.1, 0.5, 0.25, 0.75], 'kernel_type': ['precomputed'], 'class_weight': [None, 'balanced'], 'n_iter': [1, 4, 5, 7]}
Hyperparameter tuning completed in 0:00:01.987613.
  Best score: 0.7600
Best parameters: {'C': 0.75, 'class_weight': 'balanced', 'kernel_type': 'precomputed', 'n_iter': 1}
Overfitting simple test completed.
Classification Report:
              precision    recall  f1-score   support

          -1       0.64      0.50      0.56        14
           1       0.74      0.83      0.78        24

    accuracy                           0.71        38
   macro avg       0.69      0.67      0.67        38
weighted avg       0.70      0.71      0.70        38

Extensive test completed.
Time 2025-09-17 13:12:46.224537
--------------------------------------------------------------------


--------------------------------------------------------------------
Running extensive test for model:
 SVC_VertexHistogram_precomputed
Estimated test duration: 0 days 00:00:00.456366
Parameter grid: {'C': [0.1, 0.5, 0.25, 0.75], 'kernel_type': ['precomputed'], 'class_weight': [None, 'balanced']}
Hyperparameter tuning completed in 0:00:00.273616.
  Best score: 0.8600
Best parameters: {'C': 0.1, 'class_weight': None, 'kernel_type': 'precomputed'}
Overfitting simple test completed.
Classification Report:
              precision    recall  f1-score   support

          -1       0.82      0.64      0.72        14
           1       0.81      0.92      0.86        24

    accuracy                           0.82        38
   macro avg       0.82      0.78      0.79        38
weighted avg       0.82      0.82      0.81        38

Extensive test completed.
Time 2025-09-17 13:12:46.602647
--------------------------------------------------------------------


--------------------------------------------------------------------
Running extensive test for model:
 SVC_EdgeHistogram_precomputed
Estimated test duration: 0 days 00:00:00.459770
Parameter grid: {'C': [0.1, 0.5, 0.25, 0.75], 'kernel_type': ['precomputed'], 'class_weight': [None, 'balanced']}
Hyperparameter tuning completed in 0:00:00.228732.
  Best score: 0.8600
Best parameters: {'C': 0.75, 'class_weight': None, 'kernel_type': 'precomputed'}
Overfitting simple test completed.
Classification Report:
              precision    recall  f1-score   support

          -1       0.79      0.79      0.79        14
           1       0.88      0.88      0.88        24

    accuracy                           0.84        38
   macro avg       0.83      0.83      0.83        38
weighted avg       0.84      0.84      0.84        38

Extensive test completed.
Time 2025-09-17 13:12:46.936092
--------------------------------------------------------------------


--------------------------------------------------------------------
Running extensive test for model:
 SVC_CombinedHistogram_precomputed
Estimated test duration: 0 days 00:00:01.312542
Parameter grid: {'C': [0.1, 0.5, 0.25, 0.75], 'kernel_type': ['precomputed'], 'class_weight': [None, 'balanced'], 'weights': [[1, 1], [1, 0.5], [0.5, 1]]}
Hyperparameter tuning completed in 0:00:00.479485.
  Best score: 0.8800
Best parameters: {'C': 0.5, 'class_weight': None, 'kernel_type': 'precomputed', 'weights': [1, 1]}
Overfitting simple test completed.
Classification Report:
              precision    recall  f1-score   support

          -1       0.83      0.71      0.77        14
           1       0.85      0.92      0.88        24

    accuracy                           0.84        38
   macro avg       0.84      0.82      0.82        38
weighted avg       0.84      0.84      0.84        38

Extensive test completed.
Time 2025-09-17 13:12:47.526120
--------------------------------------------------------------------


--------------------------------------------------------------------
Running extensive test for model:
 SVC_NX_combined_Histogram_rbf
Estimated test duration: 0 days 00:00:03.340272
Parameter grid: {'C': [0.1, 0.5, 0.25, 0.75], 'kernel_type': ['poly', 'rbf', 'linear'], 'class_weight': [None, 'balanced'], 'Histogram_Type': ['node', 'edge', 'combined', 'node+1', 'edge+1']}
Hyperparameter tuning completed in 0:17:45.817285.
  Best score: 0.8667
Best parameters: {'C': 0.75, 'Histogram_Type': 'edge', 'class_weight': 'balanced', 'kernel_type': 'poly'}
Overfitting simple test completed.
Classification Report:
              precision    recall  f1-score   support

          -1       0.65      0.93      0.76        14
           1       0.94      0.71      0.81        24

    accuracy                           0.79        38
   macro avg       0.80      0.82      0.79        38
weighted avg       0.84      0.79      0.79        38

Extensive test completed.
Time 2025-09-17 13:30:33.412531
--------------------------------------------------------------------


--------------------------------------------------------------------
Running extensive test for model:
 Blind_Classifier
Estimated test duration: 0 days 00:00:00.016533
Parameter grid: {}
Hyperparameter tuning completed in 0:00:00.046266.
  Best score: 0.6533
Best parameters: {}
Overfitting simple test completed.
Classification Report:
              precision    recall  f1-score   support

          -1       0.29      0.36      0.32        14
           1       0.57      0.50      0.53        24

    accuracy                           0.45        38
   macro avg       0.43      0.43      0.43        38
weighted avg       0.47      0.45      0.46        38

Extensive test completed.
Time 2025-09-17 13:30:33.511250
--------------------------------------------------------------------


--------------------------------------------------------------------
Running extensive test for model:
 RandomGuesser_uniform
Estimated test duration: 0 days 00:00:00.015792
Parameter grid: {'strategy': ['most_frequent', 'stratified', 'uniform']}
Hyperparameter tuning completed in 0:00:00.098687.
  Best score: 0.6733
Best parameters: {'strategy': 'most_frequent'}
/home/sischuma/Thesis-Code/The-GED-classifier-bakeoff/venv/lib/python3.12/site-packages/sklearn/metrics/_classification.py:1731: UndefinedMetricWarning: Precision is ill-defined and being set to 0.0 in labels with no predicted samples. Use `zero_division` parameter to control this behavior.
  _warn_prf(average, modifier, f"{metric.capitalize()} is", result.shape[0])
/home/sischuma/Thesis-Code/The-GED-classifier-bakeoff/venv/lib/python3.12/site-packages/sklearn/metrics/_classification.py:1731: UndefinedMetricWarning: Precision is ill-defined and being set to 0.0 in labels with no predicted samples. Use `zero_division` parameter to control this behavior.
  _warn_prf(average, modifier, f"{metric.capitalize()} is", result.shape[0])
/home/sischuma/Thesis-Code/The-GED-classifier-bakeoff/venv/lib/python3.12/site-packages/sklearn/metrics/_classification.py:1731: UndefinedMetricWarning: Precision is ill-defined and being set to 0.0 in labels with no predicted samples. Use `zero_division` parameter to control this behavior.
  _warn_prf(average, modifier, f"{metric.capitalize()} is", result.shape[0])
Overfitting simple test completed.
Classification Report:
              precision    recall  f1-score   support

          -1       0.00      0.00      0.00        14
           1       0.63      1.00      0.77        24

    accuracy                           0.63        38
   macro avg       0.32      0.50      0.39        38
weighted avg       0.40      0.63      0.49        38

Extensive test completed.
Time 2025-09-17 13:30:33.648071
--------------------------------------------------------------------

Running GED-based classifiers on MUTAG dataset.

--------------------------------------------------------------------
Running extensive test for model:
 (7)-NN_Classifier_GED
Estimated test duration: 0 days 00:00:01.613238
Parameter grid: {'n_neighbors': [1, 3, 5], 'weights': ['uniform', 'distance'], 'metric': ['euclidean', 'precomputed']}
Hyperparameter tuning completed in 0:00:09.074930.
  Best score: 0.8200
Best parameters: {'metric': 'euclidean', 'n_neighbors': 1, 'weights': 'uniform'}
Overfitting simple test completed.
Classification Report:
              precision    recall  f1-score   support

          -1       0.81      0.93      0.87        14
           1       0.95      0.88      0.91        24

    accuracy                           0.89        38
   macro avg       0.88      0.90      0.89        38
weighted avg       0.90      0.89      0.90        38

Extensive test completed.
Time 2025-09-17 13:30:42.921031
--------------------------------------------------------------------


--------------------------------------------------------------------
Running extensive test for model:
 SVC_Base_GED_SVC_linear
Estimated test duration: 0 days 00:00:01.267116
Parameter grid: {'C': [0.1, 0.5, 0.25, 0.75], 'kernel_type': ['precomputed'], 'class_weight': [None, 'balanced'], 'ged_bound': ['Mean-Distance']}
Hyperparameter tuning completed in 0:00:06.123593.
  Best score: 0.8600
Best parameters: {'C': 0.5, 'class_weight': 'balanced', 'ged_bound': 'Mean-Distance', 'kernel_type': 'precomputed'}
Overfitting simple test completed.
Classification Report:
              precision    recall  f1-score   support

          -1       0.79      0.79      0.79        14
           1       0.88      0.88      0.88        24

    accuracy                           0.84        38
   macro avg       0.83      0.83      0.83        38
weighted avg       0.84      0.84      0.84        38

Extensive test completed.
Time 2025-09-17 13:30:49.274484
--------------------------------------------------------------------


--------------------------------------------------------------------
Running extensive test for model:
 SVC_Diffusion-GED_linear
Estimated test duration: 0 days 00:00:11.556108
Parameter grid: {'C': [0.1, 0.5, 0.25, 0.75], 'kernel_type': ['precomputed'], 'class_weight': [None, 'balanced'], 'ged_bound': ['Mean-Distance'], 'llambda': [0.1, 0.5, 1.0], 'diffusion_function': ['exp_diff_kernel', 'von_Neumann_diff_kernel'], 't_iterations': [5, 10]}
Hyperparameter tuning completed in 0:01:11.988359.
  Best score: 0.8733
Best parameters: {'C': 0.1, 'class_weight': None, 'diffusion_function': 'exp_diff_kernel', 'ged_bound': 'Mean-Distance', 'kernel_type': 'precomputed', 'llambda': 0.1, 't_iterations': 5}
Overfitting simple test completed.
Classification Report:
              precision    recall  f1-score   support

          -1       0.73      0.79      0.76        14
           1       0.87      0.83      0.85        24

    accuracy                           0.82        38
   macro avg       0.80      0.81      0.80        38
weighted avg       0.82      0.82      0.82        38

Extensive test completed.
Time 2025-09-17 13:32:01.461099
--------------------------------------------------------------------


--------------------------------------------------------------------
Running extensive test for model:
 SVC_Trivial-GED_linear
Estimated test duration: 0 days 00:00:05.748842
Parameter grid: {'C': [0.1, 0.5, 0.25, 0.75], 'kernel_type': ['precomputed'], 'class_weight': [None, 'balanced'], 'ged_bound': ['Mean-Distance'], 'similarity_function': ['k1', 'k2', 'k3', 'k4', 'frac']}
Hyperparameter tuning completed in 0:00:30.219463.
  Best score: 0.8733
Best parameters: {'C': 0.1, 'class_weight': None, 'ged_bound': 'Mean-Distance', 'kernel_type': 'precomputed', 'similarity_function': 'k2'}
Overfitting simple test completed.
Classification Report:
              precision    recall  f1-score   support

          -1       0.68      0.93      0.79        14
           1       0.95      0.75      0.84        24

    accuracy                           0.82        38
   macro avg       0.82      0.84      0.81        38
weighted avg       0.85      0.82      0.82        38

Extensive test completed.
Time 2025-09-17 13:32:31.895870
--------------------------------------------------------------------


--------------------------------------------------------------------
Running extensive test for model:
 SVC_Simple-Prototype-GED_poly
Estimated test duration: 0 days 00:01:26.847822
Parameter grid: {'C': [0.1, 0.5, 0.25, 0.75], 'kernel_type': ['poly', 'rbf', 'linear'], 'class_weight': [None, 'balanced'], 'ged_bound': ['Mean-Distance'], 'prototype_size': [1, 3, 5, 8, 10], 'selection_split': ['all', 'classwise', 'single_class'], 'selection_method': ['RPS', 'CPS', 'BPS', 'TPS', 'SPS', 'k-CPS']}
Hyperparameter tuning completed in 0:27:10.331816.
  Best score: 0.8867
Best parameters: {'C': 0.5, 'class_weight': 'balanced', 'ged_bound': 'Mean-Distance', 'kernel_type': 'poly', 'prototype_size': 10, 'selection_method': 'TPS', 'selection_split': 'classwise'}
Overfitting simple test completed.
Classification Report:
              precision    recall  f1-score   support

          -1       0.67      0.86      0.75        14
           1       0.90      0.75      0.82        24

    accuracy                           0.79        38
   macro avg       0.78      0.80      0.78        38
weighted avg       0.81      0.79      0.79        38

Extensive test completed.
Time 2025-09-17 13:59:42.304414
--------------------------------------------------------------------


--------------------------------------------------------------------
Running extensive test for model:
 SVC_Zero-GED_linear
Estimated test duration: 0 days 00:23:25.729374
Parameter grid: {'C': [0.1, 0.5, 0.25, 0.75], 'kernel_type': ['precomputed'], 'class_weight': [None, 'balanced'], 'ged_bound': ['Mean-Distance'], 'prototype_size': [1, 3, 5], 'aggregation_method': ['sum', 'prod'], 'selection_split': ['all', 'classwise', 'single_class'], 'selection_method': ['RPS', 'CPS', 'BPS', 'TPS', 'SPS', 'k-CPS']}
Hyperparameter tuning completed in 0:10:55.662844.
  Best score: 0.8933
Best parameters: {'C': 0.1, 'aggregation_method': 'sum', 'class_weight': None, 'ged_bound': 'Mean-Distance', 'kernel_type': 'precomputed', 'prototype_size': 5, 'selection_method': 'k-CPS', 'selection_split': 'classwise'}
Overfitting simple test completed.
Classification Report:
              precision    recall  f1-score   support

          -1       0.57      0.86      0.69        14
           1       0.88      0.62      0.73        24

    accuracy                           0.71        38
   macro avg       0.73      0.74      0.71        38
weighted avg       0.77      0.71      0.71        38

Extensive test completed.
Time 2025-09-17 14:10:39.734221
--------------------------------------------------------------------


--------------------------------------------------------------------
Running extensive test for model:
 SVC_Random-Walk-Edit_linear
Estimated test duration: 0 days 00:14:18.198088
Parameter grid: {'C': [0.1, 0.5, 0.25, 0.75], 'kernel_type': ['precomputed'], 'class_weight': [None, 'balanced'], 'ged_bound': ['Mean-Distance'], 'decay_lambda': [0.01, 0.1], 'max_walk_length': [5, -1]}
Hyperparameter tuning completed in 0:01:16.630968.
  Best score: 0.9000
Best parameters: {'C': 0.5, 'class_weight': None, 'decay_lambda': 0.01, 'ged_bound': 'Mean-Distance', 'kernel_type': 'precomputed', 'max_walk_length': 5}
Overfitting simple test completed.
Classification Report:
              precision    recall  f1-score   support

          -1       0.61      0.79      0.69        14
           1       0.85      0.71      0.77        24

    accuracy                           0.74        38
   macro avg       0.73      0.75      0.73        38
weighted avg       0.76      0.74      0.74        38

Extensive test completed.
Time 2025-09-17 14:12:36.349560
--------------------------------------------------------------------

Loading MUTAG into NetworkX from Datasets/TUD/MUTAG...

Adding graphs to Dummy_Calculator:   0%|          | 0/188 [00:00<?, ?it/s]
Adding graphs to Dummy_Calculator: 100%|██████████| 188/188 [00:00<00:00, 213867.41it/s]
GED matrix computed.
Running GED-based classifiers with reference calculator on MUTAG dataset.

--------------------------------------------------------------------
Running extensive test for model:
 (7)-NN_Classifier_GED
Estimated test duration: 0 days 00:00:01.656798
Parameter grid: {'n_neighbors': [1, 3, 5], 'weights': ['uniform', 'distance'], 'metric': ['euclidean', 'precomputed']}
Hyperparameter tuning completed in 0:00:00.430401.
  Best score: 0.8133
Best parameters: {'metric': 'euclidean', 'n_neighbors': 1, 'weights': 'uniform'}
Overfitting simple test completed.
Classification Report:
              precision    recall  f1-score   support

          -1       0.75      0.86      0.80        14
           1       0.91      0.83      0.87        24

    accuracy                           0.84        38
   macro avg       0.83      0.85      0.83        38
weighted avg       0.85      0.84      0.84        38

Extensive test completed.
Time 2025-09-17 14:12:48.276230
--------------------------------------------------------------------


--------------------------------------------------------------------
Running extensive test for model:
 SVC_Base_GED_SVC_linear
Estimated test duration: 0 days 00:00:01.236986
Parameter grid: {'C': [0.1, 0.5, 0.25, 0.75], 'kernel_type': ['precomputed'], 'class_weight': [None, 'balanced'], 'ged_bound': ['Mean-Distance']}
Hyperparameter tuning completed in 0:00:00.410747.
  Best score: 0.8533
Best parameters: {'C': 0.1, 'class_weight': 'balanced', 'ged_bound': 'Mean-Distance', 'kernel_type': 'precomputed'}
Overfitting simple test completed.
Classification Report:
              precision    recall  f1-score   support

          -1       0.68      0.93      0.79        14
           1       0.95      0.75      0.84        24

    accuracy                           0.82        38
   macro avg       0.82      0.84      0.81        38
weighted avg       0.85      0.82      0.82        38

Extensive test completed.
Time 2025-09-17 14:12:48.909717
--------------------------------------------------------------------


--------------------------------------------------------------------
Running extensive test for model:
 SVC_Diffusion-GED_linear
Estimated test duration: 0 days 00:00:14.655816
Parameter grid: {'C': [0.1, 0.5, 0.25, 0.75], 'kernel_type': ['precomputed'], 'class_weight': [None, 'balanced'], 'ged_bound': ['Mean-Distance'], 'llambda': [0.1, 0.5, 1.0], 'diffusion_function': ['exp_diff_kernel', 'von_Neumann_diff_kernel'], 't_iterations': [5, 10]}
SVC_Simple-Prototype-GED_poly
Estimated test duration: 0 days 00:05:06.587832
Parameter grid: {'C': [0.1, 0.5, 0.25, 0.75], 'kernel_type': ['poly', 'rbf', 'linear'], 'class_weight': [None, 'balanced'], 'ged_bound': ['Mean-Distance'], 'prototype_size': [1, 3, 5, 8, 10], 'selection_split': ['all', 'classwise', 'single_class'], 'selection_method': ['RPS', 'CPS', 'BPS', 'TPS', 'SPS', 'k-CPS']}
joblib.externals.loky.process_executor._RemoteTraceback: 
"""
Traceback (most recent call last):
  File "/home/sischuma/Thesis-Code/The-GED-classifier-bakeoff/venv/lib/python3.12/site-packages/joblib/externals/loky/process_executor.py", line 490, in _process_worker
    r = call_item()
        ^^^^^^^^^^^
  File "/home/sischuma/Thesis-Code/The-GED-classifier-bakeoff/venv/lib/python3.12/site-packages/joblib/externals/loky/process_executor.py", line 291, in __call__
    return self.fn(*self.args, **self.kwargs)
           ^^^^^^^^^^^^^^^^^^^^^^^^^^^^^^^^^^
  File "/home/sischuma/Thesis-Code/The-GED-classifier-bakeoff/venv/lib/python3.12/site-packages/joblib/parallel.py", line 607, in __call__
    return [func(*args, **kwargs) for func, args, kwargs in self.items]
            ^^^^^^^^^^^^^^^^^^^^^
  File "/home/sischuma/Thesis-Code/The-GED-classifier-bakeoff/venv/lib/python3.12/site-packages/sklearn/utils/parallel.py", line 147, in __call__
    return self.function(*args, **kwargs)
           ^^^^^^^^^^^^^^^^^^^^^^^^^^^^^^
  File "/home/sischuma/Thesis-Code/The-GED-classifier-bakeoff/venv/lib/python3.12/site-packages/sklearn/model_selection/_validation.py", line 859, in _fit_and_score
    estimator.fit(X_train, y_train, **fit_params)
  File "/home/sischuma/Thesis-Code/The-GED-classifier-bakeoff/Models/SupportVectorMachine_Classifier.py", line 99, in fit
    self.classifier.fit(X, y)
  File "/home/sischuma/Thesis-Code/The-GED-classifier-bakeoff/venv/lib/python3.12/site-packages/sklearn/base.py", line 1365, in wrapper
    return fit_method(estimator, *args, **kwargs)
           ^^^^^^^^^^^^^^^^^^^^^^^^^^^^^^^^^^^^^^
  File "/home/sischuma/Thesis-Code/The-GED-classifier-bakeoff/venv/lib/python3.12/site-packages/sklearn/svm/_base.py", line 197, in fit
    X, y = validate_data(
           ^^^^^^^^^^^^^^
  File "/home/sischuma/Thesis-Code/The-GED-classifier-bakeoff/venv/lib/python3.12/site-packages/sklearn/utils/validation.py", line 2971, in validate_data
    X, y = check_X_y(X, y, **check_params)
           ^^^^^^^^^^^^^^^^^^^^^^^^^^^^^^^
  File "/home/sischuma/Thesis-Code/The-GED-classifier-bakeoff/venv/lib/python3.12/site-packages/sklearn/utils/validation.py", line 1368, in check_X_y
    X = check_array(
        ^^^^^^^^^^^^
  File "/home/sischuma/Thesis-Code/The-GED-classifier-bakeoff/venv/lib/python3.12/site-packages/sklearn/utils/validation.py", line 1105, in check_array
    _assert_all_finite(
  File "/home/sischuma/Thesis-Code/The-GED-classifier-bakeoff/venv/lib/python3.12/site-packages/sklearn/utils/validation.py", line 120, in _assert_all_finite
    _assert_all_finite_element_wise(
  File "/home/sischuma/Thesis-Code/The-GED-classifier-bakeoff/venv/lib/python3.12/site-packages/sklearn/utils/validation.py", line 169, in _assert_all_finite_element_wise
    raise ValueError(msg_err)
ValueError: Input X contains NaN.
SVC does not accept missing values encoded as NaN natively. For supervised learning, you might want to consider sklearn.ensemble.HistGradientBoostingClassifier and Regressor which accept missing values encoded as NaNs natively. Alternatively, it is possible to preprocess the data, for instance by using an imputer transformer in a pipeline or drop samples with missing values. See https://scikit-learn.org/stable/modules/impute.html You can find a list of all estimators that handle NaN values at the following page: https://scikit-learn.org/stable/modules/impute.html#estimators-that-handle-nan-values
"""

The above exception was the direct cause of the following exception:

Traceback (most recent call last):
  File "/home/sischuma/Thesis-Code/The-GED-classifier-bakeoff/Run_big_test.py", line 144, in <module>
    testDF = run_classifiers(classifiers_with_calculator, DATASET, ged_calculator, testDF)
             ^^^^^^^^^^^^^^^^^^^^^^^^^^^^^^^^^^^^^^^^^^^^^^^^^^^^^^^^^^^^^^^^^^^^^^^^^^^^^
  File "/home/sischuma/Thesis-Code/The-GED-classifier-bakeoff/Run_big_test.py", line 85, in run_classifiers
    instance_dict =expi.run_extensive_test(should_print=True, cv=5,test_DF= dict(), n_jobs=N_JOBS)
                   ^^^^^^^^^^^^^^^^^^^^^^^^^^^^^^^^^^^^^^^^^^^^^^^^^^^^^^^^^^^^^^^^^^^^^^^^^^^^^^^
  File "/home/sischuma/Thesis-Code/The-GED-classifier-bakeoff/Experiment.py", line 543, in run_extensive_test
    best_model, best_params, best_score, tuning_duration = self.silent_hyperparameter_tuning(X_train, y_train, scoring=scoring, cv=cv, verbose=verbose, n_jobs=n_jobs, param_grid=param_grid)
                                                           ^^^^^^^^^^^^^^^^^^^^^^^^^^^^^^^^^^^^^^^^^^^^^^^^^^^^^^^^^^^^^^^^^^^^^^^^^^^^^^^^^^^^^^^^^^^^^^^^^^^^^^^^^^^^^^^^^^^^^^^^^^^^^^^^^^
  File "/home/sischuma/Thesis-Code/The-GED-classifier-bakeoff/Experiment.py", line 407, in silent_hyperparameter_tuning
    hyperparameter_tuner.fit(X_train, y_train)
  File "/home/sischuma/Thesis-Code/The-GED-classifier-bakeoff/venv/lib/python3.12/site-packages/sklearn/base.py", line 1365, in wrapper
    return fit_method(estimator, *args, **kwargs)
           ^^^^^^^^^^^^^^^^^^^^^^^^^^^^^^^^^^^^^^
  File "/home/sischuma/Thesis-Code/The-GED-classifier-bakeoff/venv/lib/python3.12/site-packages/sklearn/model_selection/_search.py", line 1051, in fit
    self._run_search(evaluate_candidates)
  File "/home/sischuma/Thesis-Code/The-GED-classifier-bakeoff/venv/lib/python3.12/site-packages/sklearn/model_selection/_search.py", line 1605, in _run_search
    evaluate_candidates(ParameterGrid(self.param_grid))
  File "/home/sischuma/Thesis-Code/The-GED-classifier-bakeoff/venv/lib/python3.12/site-packages/sklearn/model_selection/_search.py", line 997, in evaluate_candidates
    out = parallel(
          ^^^^^^^^^
  File "/home/sischuma/Thesis-Code/The-GED-classifier-bakeoff/venv/lib/python3.12/site-packages/sklearn/utils/parallel.py", line 82, in __call__
    return super().__call__(iterable_with_config_and_warning_filters)
           ^^^^^^^^^^^^^^^^^^^^^^^^^^^^^^^^^^^^^^^^^^^^^^^^^^^^^^^^^^
  File "/home/sischuma/Thesis-Code/The-GED-classifier-bakeoff/venv/lib/python3.12/site-packages/joblib/parallel.py", line 2072, in __call__
    return output if self.return_generator else list(output)
                                                ^^^^^^^^^^^^
  File "/home/sischuma/Thesis-Code/The-GED-classifier-bakeoff/venv/lib/python3.12/site-packages/joblib/parallel.py", line 1682, in _get_outputs
    yield from self._retrieve()
  File "/home/sischuma/Thesis-Code/The-GED-classifier-bakeoff/venv/lib/python3.12/site-packages/joblib/parallel.py", line 1784, in _retrieve
    self._raise_error_fast()
  File "/home/sischuma/Thesis-Code/The-GED-classifier-bakeoff/venv/lib/python3.12/site-packages/joblib/parallel.py", line 1859, in _raise_error_fast
    error_job.get_result(self.timeout)
  File "/home/sischuma/Thesis-Code/The-GED-classifier-bakeoff/venv/lib/python3.12/site-packages/joblib/parallel.py", line 758, in get_result
    return self._return_or_raise()
           ^^^^^^^^^^^^^^^^^^^^^^^
  File "/home/sischuma/Thesis-Code/The-GED-classifier-bakeoff/venv/lib/python3.12/site-packages/joblib/parallel.py", line 773, in _return_or_raise
    raise self._result
ValueError: Input X contains NaN.
SVC does not accept missing values encoded as NaN natively. For supervised learning, you might want to consider sklearn.ensemble.HistGradientBoostingClassifier and Regressor which accept missing values encoded as NaNs natively. Alternatively, it is possible to preprocess the data, for instance by using an imputer transformer in a pipeline or drop samples with missing values. See https://scikit-learn.org/stable/modules/impute.html You can find a list of all estimators that handle NaN values at the following page: https://scikit-learn.org/stable/modules/impute.html#estimators-that-handle-nan-values
sischuma@student-lab:~/Thesis-Code/The-GED-classifier-bakeoff$ kill 9416
sischuma@student-lab:~/Thesis-Code/The-GED-classifier-bakeoff$ nohup /home/sischuma/Thesis-Code/The-GED-classifier-bakeoff/venv/bin/python -u /home/sischuma/Thesis-Code/The-GED-classifier-bakeoff/Run_big_test.pyExperiment started at 2025-09-18 17:37:26.907775
Loading MUTAG into NetworkX from Datasets/TUD/MUTAG...
Traceback (most recent call last):
  File "/home/sischuma/Thesis-Code/The-GED-classifier-bakeoff/Run_big_test.py", line 135, in <module>
    DATASET, ged_calculator = get_Dataset(dataset_name, ged_calculator)
                              ^^^^^^^^^^^^^^^^^^^^^^^^^^^^^^^^^^^^^^^^^
  File "/home/sischuma/Thesis-Code/The-GED-classifier-bakeoff/Run_big_test.py", line 65, in get_Dataset
    DATASET.load()
  File "/home/sischuma/Thesis-Code/The-GED-classifier-bakeoff/Dataset.py", line 482, in load
    self.ged_calculator.calculate()
  File "/home/sischuma/Thesis-Code/The-GED-classifier-bakeoff/Calculators/Base_Calculator.py", line 188, in calculate
    self.run_method(i, j)
  File "/home/sischuma/Thesis-Code/The-GED-classifier-bakeoff/Calculators/GEDLIB_Caclulator.py", line 40, in run_method
    gedlibpy.run_method(graph1_index, graph2_index)
KeyboardInterrupt
